\BOOKMARK [1][-]{section.1}{METRYKI}{}% 1
\BOOKMARK [2][-]{subsection.1.1}{METRYKA}{section.1}% 2
\BOOKMARK [2][-]{subsection.1.2}{KULA}{section.1}% 3
\BOOKMARK [2][-]{subsection.1.3}{ZBIEZNOSC}{section.1}% 4
\BOOKMARK [2][-]{subsection.1.4}{ZBIORY OTWARTE}{section.1}% 5
\BOOKMARK [2][-]{subsection.1.5}{ZBIORY DOMKNIETE}{section.1}% 6
\BOOKMARK [1][-]{section.2}{PODPRZESTRZENIE METRYCZNE}{}% 7
\BOOKMARK [2][-]{subsection.2.1}{PODPRZESTRZEN METRYCZNA}{section.2}% 8
\BOOKMARK [2][-]{subsection.2.2}{FUNKCJA CIAG\225A}{section.2}% 9
\BOOKMARK [2][-]{subsection.2.3}{HOMEOMORFIZMY}{section.2}% 10
\BOOKMARK [2][-]{subsection.2.4}{TOPOLOGIA}{section.2}% 11
\BOOKMARK [2][-]{subsection.2.5}{TOPOLOGIA STRZA\225KI}{section.2}% 12
\BOOKMARK [2][-]{subsection.2.6}{PRZESTRZEN ZWARTA}{section.2}% 13
\BOOKMARK [2][-]{subsection.2.7}{PRZESTRZEN OSRODKOWA}{section.2}% 14
\BOOKMARK [2][-]{subsection.2.8}{ZBI\323R CANTORA}{section.2}% 15
\BOOKMARK [2][-]{subsection.2.9}{KOSTKA HILBERTA [0,1]N}{section.2}% 16
\BOOKMARK [1][-]{section.3}{ZWARTOSC, SP\323JNOSC}{}% 17
\BOOKMARK [2][-]{subsection.3.1}{PRZESTRZEN ZWARTA}{section.3}% 18
\BOOKMARK [1][-]{section.4}{LEMAT URYSOHNA}{}% 19
\BOOKMARK [2][-]{subsection.4.1}{PRZESTRZEN NORMALNA}{section.4}% 20
\BOOKMARK [2][-]{subsection.4.2}{LEMAT URYSOHNA}{section.4}% 21
\BOOKMARK [2][-]{subsection.4.3}{TWIERDZENIE TIETZEGO}{section.4}% 22
\BOOKMARK [1][-]{section.5}{PRZESTRZEN ILORAZOWA}{}% 23
\BOOKMARK [2][-]{subsection.5.1}{KOPRODUKTY \(sumy proste roz\233aczne\)}{section.5}% 24
\BOOKMARK [1][-]{section.6}{ROZMAITOSCI}{}% 25
\BOOKMARK [2][-]{subsection.6.1}{RELACJA R\323WNOWAZNOSCI}{section.6}% 26
\BOOKMARK [2][-]{subsection.6.2}{ROZMAITOSC}{section.6}% 27
\BOOKMARK [2][-]{subsection.6.3}{PRZESTRZEN SCIAGALNA}{section.6}% 28
\BOOKMARK [1][-]{section.7}{PRZESTRZENIE ZUPE\225NE}{}% 29
\BOOKMARK [2][-]{subsection.7.1}{CIAG CAUCHY'EGO}{section.7}% 30
\BOOKMARK [2][-]{subsection.7.2}{TWIERDZENIE BANACHA}{section.7}% 31
\BOOKMARK [2][-]{subsection.7.3}{TWIERDZENIE CANTORA}{section.7}% 32
\BOOKMARK [2][-]{subsection.7.4}{TWIERDZENIE BARE'A}{section.7}% 33
\BOOKMARK [1][-]{section.8}{ZBI\323R DEFINICJI}{}% 34
