\BOOKMARK [1][-]{section.1}{\376\377\0000\0004\000.\0001\0000\000.\0002\0003\000\040\000:\000\040\000P\000o\000d\000s\000t\000a\000w\000o\000w\000e\000\040\000d\000e\000f\000i\000n\000i\000c\000j\000e}{}% 1
\BOOKMARK [2][-]{subsection.1.1}{\376\377\000C\000o\000\040\000t\000o\000\040\000k\000a\000t\000e\000g\000o\000r\000i\000a}{section.1}% 2
\BOOKMARK [2][-]{subsection.1.2}{\376\377\000K\000o\000m\000p\000l\000e\000k\000s\000y}{section.1}% 3
\BOOKMARK [2][-]{subsection.1.3}{\376\377\000F\000u\000n\000k\000t\000o\000r\000y\000\040\000k\000o\000w\000a\000r\000i\000a\000n\000t\000n\000e\000\040\000i\000\040\000k\000o\000n\000t\000r\000a\000w\000a\000r\000i\000a\000n\000t\000n\000e}{section.1}% 4
\BOOKMARK [1][-]{section.2}{\376\377\0000\0009\000.\0001\0000\000.\0002\0003\000\040\000:\000\040\000R\000\363\000w\000n\000o\000w\000a\001\174\000n\000o\001\133\001\007\000\040\000k\000a\000t\000e\000g\000o\000r\000i\000i}{}% 5
\BOOKMARK [2][-]{subsection.2.1}{\376\377\000P\000r\000e\000s\000n\000o\000p\000\040\000i\000\040\000s\000n\000o\000p}{section.2}% 6
\BOOKMARK [2][-]{subsection.2.2}{\376\377\000F\000u\000n\000k\000t\000o\000r\000y\000\040\000w\000i\000e\000r\000n\000e\000,\000\040\000p\000e\001\102\000n\000e}{section.2}% 7
\BOOKMARK [2][-]{subsection.2.3}{\376\377\000N\000a\000t\000u\000r\000a\000l\000n\000e\000\040\000p\000r\000z\000e\000k\000s\000z\000t\000a\001\102\000c\000e\000n\000i\000a\000\040\000f\000u\000n\000k\000t\000o\000r\000\363\000w}{section.2}% 8
\BOOKMARK [2][-]{subsection.2.4}{\376\377\000R\000\363\000w\000n\000o\000w\000a\001\174\000n\000o\001\133\001\007\000\040\000k\000a\000t\000e\000g\000o\000r\000i\000i}{section.2}% 9
\BOOKMARK [1][-]{section.3}{\376\377\0001\0006\000.\0001\0000\000.\0002\0003\000\040\000:\000\040\000F\000u\000n\000k\000t\000o\000r\000y\000\040\000r\000e\000p\000r\000e\000z\000e\000n\000t\000o\000w\000a\000l\000n\000e\000\040\000i\000\040\000g\000r\000a\000n\000i\000c\000e}{}% 10
\BOOKMARK [2][-]{subsection.3.1}{\376\377\000K\000a\000t\000e\000g\000o\000r\000i\000a\000\040\000f\000u\000n\000k\000t\000o\000r\000\363\000w}{section.3}% 11
\BOOKMARK [2][-]{subsection.3.2}{\376\377\000G\000r\000a\000n\000i\000c\000e\000\040\000i\000\040\000k\000o\000g\000r\000a\000n\000i\000c\000e}{section.3}% 12
\BOOKMARK [1][-]{section.4}{\376\377\0002\0003\000.\0001\0000\000.\0002\0003\000\040\000:\000\040\000K\000a\000t\000e\000g\000o\000r\000i\000e\000\040\000a\000b\000e\000l\000o\000w\000e\000\040\000i\000\040\000a\000d\000d\000y\000t\000y\000w\000n\000e\000,\000\040\000j\001\005\000d\000r\000a}{}% 13
\BOOKMARK [2][-]{subsection.4.1}{\376\377\000F\000u\000n\000k\000t\000o\000r\000y\000\040\000s\000p\000r\000z\001\031\001\174\000o\000n\000e\000\040\000[\000a\000d\000j\000o\000i\000n\000t\000\040\000f\000u\000n\000c\000t\000o\000r\000s\000]}{section.4}% 14
\BOOKMARK [2][-]{subsection.4.2}{\376\377\000K\000a\000t\000e\000g\000o\000r\000i\000e\000\040\000a\000d\000d\000y\000t\000y\000w\000n\000e\000\040\000i\000\040\000a\000b\000e\000l\000o\000w\000e}{section.4}% 15
\BOOKMARK [2][-]{subsection.4.3}{\376\377\000M\000o\000n\000o\000m\000o\000r\000f\000i\000z\000m\000,\000\040\000e\000p\000i\000m\000o\000r\000f\000i\000z\000m\000\040\000i\000\040\000j\001\005\000d\000r\000a}{section.4}% 16
\BOOKMARK [1][-]{section.5}{\376\377\0003\0000\000.\0001\0000\000.\0002\0003\000\040\000:\000\040\000K\000o\000m\000p\000l\000e\000k\000s\000y\000\040\001\102\000a\001\104\000c\000u\000c\000h\000o\000w\000e\000\040\000i\000\040\000\050\000k\000o\000\051\000h\000o\000m\000o\000l\000o\000g\000i\000e}{}% 17
\BOOKMARK [2][-]{subsection.5.1}{\376\377\000K\000o\000m\000p\000l\000e\000k\000s\000\040\001\102\000a\001\104\000c\000u\000c\000h\000o\000w\000y\000\040\000i\000\040\000s\000y\000m\000p\000l\000e\000k\000s\000y}{section.5}% 18
\BOOKMARK [2][-]{subsection.5.2}{\376\377\000H\000o\000m\000o\000l\000o\000g\000i\000e}{section.5}% 19
\BOOKMARK [2][-]{subsection.5.3}{\376\377\000P\000u\000l\000l\000-\000b\000a\000c\000k\000\040\000i\000\040\000p\000u\000s\000h\000-\000o\000u\000t}{section.5}% 20
\BOOKMARK [1][-]{section.6}{\376\377\0000\0006\000.\0001\0001\000.\0002\0003\000\040\000:\000\040\000L\000e\000m\000a\000t\000\040\000o\000\040\000w\001\031\001\174\000u\000\040\000i\000\040\000p\000r\000z\000y\000j\000a\000c\000i\000e\000l\000e\000\040\000\050\000k\000w\000a\000d\000r\000a\000t\000y\000\040\000k\000a\000r\000t\000e\000z\000j\000a\001\104\000s\000k\000i\000e\000\051}{}% 21
\BOOKMARK [2][-]{subsection.6.1}{\376\377\000E\000p\000i\000m\000o\000r\000f\000i\000z\000m\000\040\000\050\000i\000\040\000j\001\005\000d\000r\000o\000\051\000\040\000p\000r\000z\000e\000n\000o\000s\000i\000\040\000s\000i\001\031\000\040\000p\000r\000z\000e\000z\000\040\000p\000u\000l\000l\000-\000b\000a\000c\000k}{section.6}% 22
\BOOKMARK [2][-]{subsection.6.2}{\376\377\000C\000z\000y\000m\000\040\000s\001\005\000\040\000e\000l\000e\000m\000e\000n\000t\000y\000\040\000o\000b\000i\000e\000k\000t\000u\000?}{section.6}% 23
\BOOKMARK [2][-]{subsection.6.3}{\376\377\000L\000e\000m\000a\000t\000\040\000o\000\040\000w\001\031\001\174\000u\000\040\000[\000w\000i\000d\000t\000h\000=\0004\000m\000m\000]\000w\000u\000n\000s\000z\000.\000p\000n\000g}{section.6}% 24
\BOOKMARK [1][-]{section.7}{\376\377\0001\0003\000.\0001\0001\000.\0002\0003\000\040\000:\000\040\000W\001\031\001\174\000o\000w\000e\000\040\000h\000o\000m\000o\000l\000o\000g\000i\000e\000\040\000i\000\040\000k\000o\000h\000o\000m\000o\000l\000o\000g\000i\000e}{}% 25
\BOOKMARK [2][-]{subsection.7.1}{\376\377\000C\000i\001\005\000g\000\040\000d\000o\000k\001\102\000a\000d\000n\000y\000\040\000k\000o\000m\000p\000l\000e\000k\000s\000\363\000w}{section.7}% 26
\BOOKMARK [2][-]{subsection.7.2}{\376\377\000Q\000u\000a\000s\000i\000-\000i\000z\000o\000m\000o\000r\000f\000i\000z\000m\000y\000\040\000i\000\040\000k\000a\000t\000e\000g\000o\000r\000i\000a\000\040\000p\000o\000c\000h\000o\000d\000n\000a}{section.7}% 27
\BOOKMARK [2][-]{subsection.7.3}{\376\377\000A\000d\000d\000y\000t\000y\000w\000n\000e\000\040\000f\000u\000n\000k\000t\000o\000r\000y\000\040\000d\000o\000k\001\102\000a\000d\000n\000e}{section.7}% 28
\BOOKMARK [1][-]{section.8}{\376\377\0002\0000\000.\0001\0001\000.\0002\0003\000\040\000:\000\040\000R\000e\000z\000o\000l\000w\000e\000n\000t\000a}{}% 29
\BOOKMARK [2][-]{subsection.8.1}{\376\377\000D\000e\000f\000i\000n\000i\000c\000j\000e\000:\000\040\000r\000e\000z\000o\000l\000w\000e\000n\000t\000a\000\040\000p\000r\000o\000j\000e\000k\000t\000y\000w\000n\000a\000\040\000i\000\040\000i\000n\000j\000e\000k\000t\000y\000w\000n\000a}{section.8}% 30
\BOOKMARK [2][-]{subsection.8.2}{\376\377\000H\000o\000m\000o\000t\000o\000p\000i\000j\000n\000a\000\040\000r\000\363\000w\000n\000o\000w\000a\001\174\000n\000o\001\133\001\007\000\040\000h\000o\000m\000o\000m\000o\000r\000f\000i\000z\000m\000\363\000w}{section.8}% 31
\BOOKMARK [2][-]{subsection.8.3}{\376\377\000J\000e\000d\000n\000o\000z\000n\000a\000c\000z\000n\000o\001\133\001\007\000\040\000r\000e\000z\000o\000l\000w\000e\000n\000t\000y\000\040\000p\000r\000o\000j\000e\000k\000t\000y\000w\000n\000e\000j}{section.8}% 32
\BOOKMARK [1][-]{section.9}{\376\377\0002\0007\000.\0001\0001\000.\0002\0003\000\040\000:\000\040\000K\000a\000t\000e\000g\000o\000r\000i\000a\000\040\000l\000o\000k\000a\000l\000n\000a}{}% 33
\BOOKMARK [2][-]{subsection.9.1}{\376\377\000S\000t\000o\001\174\000e\000k\000\040\000o\000d\000w\000z\000o\000r\000o\000w\000a\000n\000i\000a}{section.9}% 34
\BOOKMARK [1][-]{section.10}{\376\377\0000\0004\000.\0001\0002\000.\0002\0003\000\040\000:\000\040\000K\000a\000t\000e\000g\000o\000r\000i\000a\000\040\000p\000o\000c\000h\000o\000d\000n\000a\000\040\000j\000a\000k\000o\000\040\000k\000a\000t\000e\000g\000o\000r\000i\000a\000\040\000z\000l\000o\000k\000a\000l\000i\000z\000o\000w\000a\000n\000a}{}% 35
\BOOKMARK [2][-]{subsection.10.1}{\376\377\000Q\000u\000a\000s\000i\000-\000i\000z\000o\000m\000o\000r\000f\000i\000z\000m\000y\000\040\000t\000w\000o\000r\000z\001\005\000\040\000k\000l\000a\000s\001\031\000\040\000l\000o\000k\000a\000l\000i\000z\000u\000j\001\005\000c\001\005}{section.10}% 36
\BOOKMARK [2][-]{subsection.10.2}{\376\377\000H\000o\000m\000o\000t\000o\000p\000i\000e\000\040\000s\001\005\000\040\000t\000y\000m\000\040\000s\000a\000m\000y\000m\000\040\000w\000\040\000k\000a\000t\000.\000\040\000p\000o\000c\000h\000o\000d\000n\000e\000j}{section.10}% 37
\BOOKMARK [2][-]{subsection.10.3}{\376\377\000R\000\363\000w\000n\000o\000w\000a\001\174\000n\000o\001\133\001\007\000\040\000d\000o\000m\000k\000\363\000w\000\040\000i\000\040\000q\000i\000s}{section.10}% 38
\BOOKMARK [2][-]{subsection.10.4}{\376\377\000P\000o\000m\000i\001\031\000d\000z\000y\000\040\000n\000a\000m\000i\000,\000\040\000o\000b\000i\000e\000k\000t\000a\000m\000i\000,\000\040\000a\000\040\000w\000s\000z\000y\000s\000t\000k\000i\000m\000i\000\040\000k\000o\000m\000p\000l\000e\000k\000s\000a\000m\000i}{section.10}% 39
\BOOKMARK [1][-]{section.11}{\376\377\0001\0001\000.\0001\0002\000.\0002\0003\000\040\000:\000\040\000R\000o\000z\000s\000z\000e\000r\000z\000e\000n\000i\000a\000\040\000\050\000e\000x\000t\000e\000n\000s\000i\000o\000n\000s\000\051\000\040\000E\000x\000t}{}% 40
\BOOKMARK [2][-]{subsection.11.1}{\376\377\000K\000o\000n\000s\000t\000r\000u\000k\000c\000j\000a\000\040\000Y\000o\000n\000e\000d\000y}{section.11}% 41
\BOOKMARK [2][-]{subsection.11.2}{\376\377\000T\000r\000\363\000j\000k\001\005\000t\000y\000\040\000w\000y\000r\000\363\001\174\000n\000i\000o\000n\000e}{section.11}% 42
\BOOKMARK [2][-]{subsection.11.3}{\376\377\000W\000a\000r\000i\000a\000n\000t\000y\000\040\000k\000a\000t\000e\000g\000o\000r\000i\000i\000\040\000p\000o\000c\000h\000o\000d\000n\000e\000j}{section.11}% 43
\BOOKMARK [1][-]{section.12}{\376\377\0001\0008\000.\0001\0002\000.\0002\0003\000\040\000:\000\040\000K\000o\000m\000p\000l\000e\000k\000s\000y\000\040\000p\000o\000d\000w\000\363\000j\000n\000e\000,\000\040\000t\000o\000t\000a\000l\000n\000e\000\040\000i\000\040\000i\000n\000n\000e\000\040\000p\000r\000z\000y\000m\000i\000o\000t\000n\000i\000k\000i}{}% 44
\BOOKMARK [2][-]{subsection.12.1}{\376\377\000K\000o\000m\000p\000l\000e\000k\000s\000\040\000p\000o\000d\000w\000\363\000j\000n\000y\000,\000\040\000r\000e\000z\000o\000l\000w\000e\000n\000t\000a\000\040\000C\000a\000r\000t\000a\000n\000a\000-\000E\000i\000l\000e\000n\000b\000e\000r\000g\000a}{section.12}% 45
\BOOKMARK [2][-]{subsection.12.2}{\376\377\000F\000u\000n\000k\000t\000o\000r\000\040\000p\000o\000c\000h\000o\000d\000n\000y}{section.12}% 46
\BOOKMARK [1][-]{section.13}{\376\377\0000\0008\000.\0000\0001\000.\0002\0004\000\040\000:\000\040\000F\000u\000n\000k\000t\000o\000r\000\040\000p\000o\000c\000h\000o\000d\000n\000y\000\040}{}% 47
\BOOKMARK [2][-]{subsection.13.1}{\376\377\000W\001\102\000a\000s\000n\000o\001\133\000c\000i\000\040\000f\000u\000n\000k\000t\000o\000r\000a\000\040\000p\000o\000c\000h\000o\000d\000n\000e\000g\000o}{section.13}% 48
\BOOKMARK [2][-]{subsection.13.2}{\376\377\000O\000b\000i\000e\000k\000t\000y\000\040\000F\000-\000a\000c\000y\000k\000l\000i\000c\000z\000n\000e}{section.13}% 49
\BOOKMARK [1][-]{section.14}{\376\377\0001\0005\000.\0000\0001\000.\0002\0004\000\040\000:\000\040\000C\000i\001\005\000g\000\040\000s\000p\000e\000k\000t\000r\000a\000l\000n\000y\000\040\000k\000o\000m\000p\000l\000e\000k\000s\000u\000\040\000p\000o\000d\000w\000\363\000j\000n\000e\000g\000o\000\040}{}% 50
\BOOKMARK [2][-]{subsection.14.1}{\376\377\000S\000k\001\102\000a\000d\000a\000n\000i\000e\000\040\000f\000u\000n\000k\000t\000o\000r\000\363\000w}{section.14}% 51
\BOOKMARK [1][-]{section.15}{\376\377\0002\0002\000.\0000\0001\000.\0002\0004\000\040\000:\000\040\000S\000n\000o\000p\000k\000i\000\040\000\050\000R\000-\000m\000o\000d\000u\001\102\000\363\000w\000\051}{}% 52
\BOOKMARK [2][-]{subsection.15.1}{\376\377\000U\000s\000n\000o\000p\000i\000e\000n\000i\000e\000\040\000\050\000s\000h\000e\000a\000f\000i\000f\000i\000c\000a\000t\000i\000o\000n\000\051}{section.15}% 53
\BOOKMARK [2][-]{subsection.15.2}{\376\377\000W\001\102\000a\000s\000n\000o\001\133\000c\000i\000\040\000s\000n\000o\000p\000\363\000w\000\040\000i\000\040\000k\000a\000t\000e\000g\000o\000r\000i\000i\000\040\000s\000n\000o\000p\000\363\000w}{section.15}% 54
\BOOKMARK [2][-]{subsection.15.3}{\376\377\000F\000l\000a\000b\000b\000y\000\040\000s\000h\000e\000a\000f}{section.15}% 55
